readium-navigator-patched/build/intermediates/manifest_merge_blame_file/debug/processDebugManifest/manifest-merger-blame-debug-report.txt
1<?xml version="1.0" encoding="utf-8"?>
2<!--
3  Copyright 2023 Readium Foundation. All rights reserved.
4  Use of this source code is governed by the BSD-style license
5  available in the top-level LICENSE file of the project.
6-->
7<manifest xmlns:android="http://schemas.android.com/apk/res/android"
8    package="org.readium.r2.navigator" >
9
10    <uses-sdk android:minSdkVersion="26" />
11
12</manifest>